#
# This file was autogenerated by WIPACrepo/wipac-dev-py-setup-action
#   from `pip install .[rabbitmq]`
#   using Python 3.11.
#
########################################################################
#  pip freeze
########################################################################
certifi==2023.11.17
charset-normalizer==3.3.2
htchirp==3.0
htcondor==23.2.0
idna==3.6
oms-mqclient==2.4.9
pika==1.3.2
requests==2.31.0
typing_extensions==4.8.0
urllib3==2.1.0
wipac-dev-tools==1.8.2
########################################################################
#  pipdeptree
########################################################################
ewms-pilot
├── htchirp [required: Any, installed: 3.0]
├── htcondor [required: Any, installed: 23.2.0]
└── oms-mqclient [required: Any, installed: 2.4.9]
    └── wipac-dev-tools [required: Any, installed: 1.8.2]
        ├── requests [required: Any, installed: 2.31.0]
        │   ├── certifi [required: >=2017.4.17, installed: 2023.11.17]
        │   ├── charset-normalizer [required: >=2,<4, installed: 3.3.2]
        │   ├── idna [required: >=2.5,<4, installed: 3.6]
        │   └── urllib3 [required: >=1.21.1,<3, installed: 2.1.0]
        └── typing-extensions [required: Any, installed: 4.8.0]
pika==1.3.2
pip==23.2.1
pipdeptree==2.13.1
setuptools==65.5.1
wheel==0.41.3
