#
# This file is autogenerated by pip-compile with Python 3.11
# by the following command:
#
#    pip-compile --extra=nats --output-file=dependencies-nats.log
#
certifi==2023.7.22
    # via requests
charset-normalizer==3.3.1
    # via requests
ed25519==1.5
    # via nkeys
htchirp==2.0
    # via ewms-pilot (setup.py)
idna==3.4
    # via requests
nats-py[nkeys]==2.6.0
    # via oms-mqclient
nkeys==0.1.0
    # via nats-py
oms-mqclient[nats]==2.4.7
    # via ewms-pilot (setup.py)
requests==2.31.0
    # via wipac-dev-tools
typing-extensions==4.8.0
    # via wipac-dev-tools
urllib3==2.0.7
    # via requests
wipac-dev-tools==1.7.1
    # via oms-mqclient
