#
# This file was autogenerated by WIPACrepo/wipac-dev-py-setup-action
#   from `pip install .`
#   using Python 3.11.
#
########################################################################
#  pip freeze
########################################################################
certifi==2024.2.2
charset-normalizer==3.3.2
htchirp==3.0
htcondor==23.4.0
idna==3.6
oms-mqclient==2.4.10
requests==2.31.0
typing_extensions==4.10.0
urllib3==2.2.1
wipac-dev-tools==1.9.1
########################################################################
#  pipdeptree
########################################################################
ewms-pilot
├── htchirp [required: Any, installed: 3.0]
├── htcondor [required: Any, installed: 23.4.0]
└── oms-mqclient [required: Any, installed: 2.4.10]
    └── wipac-dev-tools [required: Any, installed: 1.9.1]
        ├── requests [required: Any, installed: 2.31.0]
        │   ├── certifi [required: >=2017.4.17, installed: 2024.2.2]
        │   ├── charset-normalizer [required: >=2,<4, installed: 3.3.2]
        │   ├── idna [required: >=2.5,<4, installed: 3.6]
        │   └── urllib3 [required: >=1.21.1,<3, installed: 2.2.1]
        └── typing_extensions [required: Any, installed: 4.10.0]
pip==24.0
pipdeptree==2.16.1
setuptools==65.5.1
wheel==0.42.0
