#
# This file was autogenerated by WIPACrepo/wipac-dev-py-setup-action
#   from `pip install .[pulsar]`
#   using Python 3.11.
#
########################################################################
#  pip freeze
########################################################################
certifi==2024.6.2
charset-normalizer==3.3.2
htchirp==3.0
htcondor==23.7.2
idna==3.7
oms-mqclient==2.4.10
pulsar-client==3.1.0
requests==2.32.3
typing_extensions==4.12.2
urllib3==2.2.1
wipac-dev-tools==1.10.6
########################################################################
#  pipdeptree
########################################################################
ewms-pilot
├── htchirp [required: Any, installed: 3.0]
├── htcondor [required: Any, installed: 23.7.2]
└── oms-mqclient [required: Any, installed: 2.4.10]
    └── wipac-dev-tools [required: Any, installed: 1.10.6]
        ├── requests [required: Any, installed: 2.32.3]
        │   ├── certifi [required: >=2017.4.17, installed: 2024.6.2]
        │   ├── charset-normalizer [required: >=2,<4, installed: 3.3.2]
        │   ├── idna [required: >=2.5,<4, installed: 3.7]
        │   └── urllib3 [required: >=1.21.1,<3, installed: 2.2.1]
        └── typing_extensions [required: Any, installed: 4.12.2]
pipdeptree==2.22.0
├── packaging [required: >=23.1, installed: 24.1]
└── pip [required: >=23.1.2, installed: 24.0]
pulsar-client==3.1.0
└── certifi [required: Any, installed: 2024.6.2]
setuptools==65.5.1
wheel==0.43.0
