#
# This file was autogenerated by WIPACrepo/wipac-dev-py-setup-action
#   from `pip install .[all]`
#   using Python 3.11.
#
########################################################################
#  pip freeze
########################################################################
certifi==2024.2.2
charset-normalizer==3.3.2
ed25519==1.5
htchirp==3.0
htcondor==23.5.2
idna==3.6
nats-py==2.7.2
nkeys==0.1.0
oms-mqclient==2.4.10
pika==1.3.2
pulsar-client==3.1.0
requests==2.31.0
typing_extensions==4.10.0
urllib3==2.2.1
wipac-dev-tools==1.9.1
########################################################################
#  pipdeptree
########################################################################
ewms-pilot
├── htchirp [required: Any, installed: 3.0]
├── htcondor [required: Any, installed: 23.5.2]
└── oms-mqclient [required: Any, installed: 2.4.10]
    └── wipac-dev-tools [required: Any, installed: 1.9.1]
        ├── requests [required: Any, installed: 2.31.0]
        │   ├── certifi [required: >=2017.4.17, installed: 2024.2.2]
        │   ├── charset-normalizer [required: >=2,<4, installed: 3.3.2]
        │   ├── idna [required: >=2.5,<4, installed: 3.6]
        │   └── urllib3 [required: >=1.21.1,<3, installed: 2.2.1]
        └── typing_extensions [required: Any, installed: 4.10.0]
nats-py==2.7.2
nkeys==0.1.0
└── ed25519 [required: Any, installed: 1.5]
pika==1.3.2
pip==24.0
pipdeptree==2.16.1
pulsar-client==3.1.0
└── certifi [required: Any, installed: 2024.2.2]
setuptools==65.5.1
wheel==0.43.0
