#
# This file was autogenerated by WIPACrepo/wipac-dev-py-dependencies-action
#   within a container using the user-supplied image 'default'
#   using Python 3.12.
#
########################################################################
#  pip freeze
########################################################################
certifi==2024.7.4
charset-normalizer==3.3.2
htchirp==3.0
htcondor==23.9.6
idna==3.8
oms-mqclient==2.6.0
pika==1.3.2
requests==2.32.3
typing_extensions==4.12.2
urllib3==2.2.2
wipac-dev-tools==1.12.0
zstd==1.5.5.1
########################################################################
#  pipdeptree
########################################################################
ewms-pilot
├── htchirp [required: Any, installed: 3.0]
├── htcondor [required: Any, installed: 23.9.6]
└── oms-mqclient [required: Any, installed: 2.6.0]
    ├── wipac-dev-tools [required: Any, installed: 1.12.0]
    │   ├── requests [required: Any, installed: 2.32.3]
    │   │   ├── certifi [required: >=2017.4.17, installed: 2024.7.4]
    │   │   ├── charset-normalizer [required: >=2,<4, installed: 3.3.2]
    │   │   ├── idna [required: >=2.5,<4, installed: 3.8]
    │   │   └── urllib3 [required: >=1.21.1,<3, installed: 2.2.2]
    │   └── typing_extensions [required: Any, installed: 4.12.2]
    └── zstd [required: Any, installed: 1.5.5.1]
pika==1.3.2
pipdeptree==2.23.1
├── packaging [required: >=23.1, installed: 24.1]
└── pip [required: >=23.1.2, installed: 24.2]
