#
# This file was autogenerated by WIPACrepo/wipac-dev-py-dependencies-action
#   within a container using the user-supplied image '3.11-rabbitmq'
#   using Python 3.11.
#
########################################################################
#  pip freeze
########################################################################
certifi==2024.8.30
charset-normalizer==3.4.0
htchirp==3.0
htcondor==23.10.1
idna==3.10
numpy==2.1.2
oms-mqclient==2.6.0
pika==1.3.2
requests==2.32.3
typing_extensions==4.12.2
urllib3==2.2.3
wipac-dev-tools==1.13.0
zstd==1.5.5.1
########################################################################
#  pipdeptree
########################################################################
ewms-pilot
├── htchirp [required: Any, installed: 3.0]
├── htcondor [required: Any, installed: 23.10.1]
├── numpy [required: Any, installed: 2.1.2]
└── oms-mqclient [required: Any, installed: 2.6.0]
    ├── wipac-dev-tools [required: Any, installed: 1.13.0]
    │   ├── requests [required: Any, installed: 2.32.3]
    │   │   ├── certifi [required: >=2017.4.17, installed: 2024.8.30]
    │   │   ├── charset-normalizer [required: >=2,<4, installed: 3.4.0]
    │   │   ├── idna [required: >=2.5,<4, installed: 3.10]
    │   │   └── urllib3 [required: >=1.21.1,<3, installed: 2.2.3]
    │   └── typing_extensions [required: Any, installed: 4.12.2]
    └── zstd [required: Any, installed: 1.5.5.1]
pika==1.3.2
pipdeptree==2.23.4
├── packaging [required: >=24.1, installed: 24.1]
└── pip [required: >=24.2, installed: 24.2]
setuptools==75.1.0
wheel==0.44.0
