#
# This file was autogenerated by WIPACrepo/wipac-dev-py-dependencies-action
#   within a container using the user-supplied image '3.12-rabbitmq'
#   using Python 3.12.
#
########################################################################
#  pip freeze
########################################################################
certifi==2025.1.31
charset-normalizer==3.4.1
htchirp==3.0
htcondor==24.6.1
idna==3.10
numpy==2.2.4
oms-mqclient==2.7.0
pika==1.3.2
requests==2.32.3
typing_extensions==4.13.2
urllib3==2.4.0
wipac-dev-tools==1.16.2
zstd==1.5.6.7
########################################################################
#  pipdeptree
########################################################################
ewms-pilot
├── htchirp [required: Any, installed: 3.0]
├── htcondor [required: Any, installed: 24.6.1]
├── oms-mqclient [required: Any, installed: 2.7.0]
│   ├── wipac-dev-tools [required: Any, installed: 1.16.2]
│   │   ├── requests [required: Any, installed: 2.32.3]
│   │   │   ├── charset-normalizer [required: >=2,<4, installed: 3.4.1]
│   │   │   ├── idna [required: >=2.5,<4, installed: 3.10]
│   │   │   ├── urllib3 [required: >=1.21.1,<3, installed: 2.4.0]
│   │   │   └── certifi [required: >=2017.4.17, installed: 2025.1.31]
│   │   └── typing_extensions [required: Any, installed: 4.13.2]
│   └── zstd [required: Any, installed: 1.5.6.7]
└── numpy [required: Any, installed: 2.2.4]
pika==1.3.2
pipdeptree==2.26.0
├── packaging [required: >=24.1, installed: 24.2]
└── pip [required: >=24.2, installed: 25.0.1]
